<?xml version="1.0" encoding="UTF-8"?>
<!-- Generated by org.testng.reporters.JUnitReportReporter -->
<testsuite skipped="0" hostname="AMITHENS-HP" name="com.crm.qa.testCases.LoginPageTest" tests="4" failures="0" timestamp="07 Sep 2019 06:43:13 GMT" time="106.424" errors="0">
  <testcase name="titleTest" time="19.832" classname="com.crm.qa.testCases.LoginPageTest"/>
  <testcase name="validateLogoTest" time="22.352" classname="com.crm.qa.testCases.LoginPageTest"/>
  <testcase name="validateCopyrightTextTest" time="42.327" classname="com.crm.qa.testCases.LoginPageTest"/>
  <testcase name="userLoginTest" time="21.913" classname="com.crm.qa.testCases.LoginPageTest"/>
</testsuite> <!-- com.crm.qa.testCases.LoginPageTest -->
