<?xml version="1.0" encoding="UTF-8"?>
<!-- Generated by org.testng.reporters.JUnitReportReporter -->
<testsuite skipped="0" hostname="ew2vdiw8950" name="com.crm.qa.testCases.LoginPageTest" tests="4" failures="0" timestamp="16 Sep 2019 12:59:28 GMT" time="44.351" errors="0">
  <testcase name="titleTest" time="10.363" classname="com.crm.qa.testCases.LoginPageTest"/>
  <testcase name="validateLogoTest" time="10.798" classname="com.crm.qa.testCases.LoginPageTest"/>
  <testcase name="validateCopyrightTextTest" time="10.164" classname="com.crm.qa.testCases.LoginPageTest"/>
  <testcase name="userLoginTest" time="13.026" classname="com.crm.qa.testCases.LoginPageTest"/>
</testsuite> <!-- com.crm.qa.testCases.LoginPageTest -->
