<?xml version="1.0" encoding="UTF-8"?>
<!-- Generated by org.testng.reporters.JUnitReportReporter -->
<testsuite skipped="0" hostname="AMITHENS-HP" name="com.crm.qa.testCases.LoginPageTest" tests="1" failures="0" timestamp="15 Sep 2019 18:58:07 GMT" time="35.769" errors="0">
  <testcase name="titleTest" time="35.769" classname="com.crm.qa.testCases.LoginPageTest"/>
</testsuite> <!-- com.crm.qa.testCases.LoginPageTest -->
