<?xml version="1.0" encoding="UTF-8"?>
<!-- Generated by org.testng.reporters.JUnitReportReporter -->
<testsuite skipped="0" hostname="AMITHENS-HP" name="com.crm.qa.testCases.AdminDashboardPageTest" tests="1" failures="0" timestamp="15 Aug 2019 09:59:13 GMT" time="21.781" errors="0">
  <testcase name="validateAdminPageHeadingTest" time="21.781" classname="com.crm.qa.testCases.AdminDashboardPageTest"/>
</testsuite> <!-- com.crm.qa.testCases.AdminDashboardPageTest -->
