<?xml version="1.0" encoding="UTF-8"?>
<!-- Generated by org.testng.reporters.JUnitReportReporter -->
<testsuite skipped="0" hostname="AMITHENS-HP" name="com.crm.qa.testCases.AdminDashboardPageTest" tests="1" failures="0" timestamp="15 Sep 2019 15:42:46 GMT" time="75.814" errors="0">
  <testcase name="validateAdminPageHeadingTest" time="75.814" classname="com.crm.qa.testCases.AdminDashboardPageTest"/>
</testsuite> <!-- com.crm.qa.testCases.AdminDashboardPageTest -->
