<?xml version="1.0" encoding="UTF-8"?>
<!-- Generated by org.testng.reporters.JUnitReportReporter -->
<testsuite skipped="0" hostname="ew2vdiw8950" name="com.crm.qa.mintTestCases.MINT1234" tests="1" failures="0" timestamp="2019-09-17T19:38:47 IST" time="43.841" errors="0">
  <testcase name="mint1234" time="43.841" classname="com.crm.qa.mintTestCases.MINT1234"/>
</testsuite> <!-- com.crm.qa.mintTestCases.MINT1234 -->
