<?xml version="1.0" encoding="UTF-8"?>
<!-- Generated by org.testng.reporters.JUnitReportReporter -->
<testsuite skipped="0" hostname="AMITHENS-HP" name="com.crm.qa.testCases.LoginPageTest" tests="4" failures="0" timestamp="26 Aug 2019 18:49:27 GMT" time="79.718" errors="0">
  <testcase name="titleTest" time="19.490" classname="com.crm.qa.testCases.LoginPageTest"/>
  <testcase name="validateLogoTest" time="18.187" classname="com.crm.qa.testCases.LoginPageTest"/>
  <testcase name="validateCopyrightTextTest" time="21.248" classname="com.crm.qa.testCases.LoginPageTest"/>
  <testcase name="userLoginTest" time="20.793" classname="com.crm.qa.testCases.LoginPageTest"/>
</testsuite> <!-- com.crm.qa.testCases.LoginPageTest -->
