<?xml version="1.0" encoding="UTF-8"?>
<!-- Generated by org.testng.reporters.JUnitReportReporter -->
<testsuite skipped="0" hostname="AMITHENS-HP" name="com.crm.qa.testCases.CoursesPageTest" tests="1" failures="0" timestamp="15 Aug 2019 09:59:13 GMT" time="5.675" errors="0">
  <testcase name="validateCoursesPageHeadingTest" time="5.675" classname="com.crm.qa.testCases.CoursesPageTest"/>
</testsuite> <!-- com.crm.qa.testCases.CoursesPageTest -->
