<?xml version="1.0" encoding="UTF-8"?>
<!-- Generated by org.testng.reporters.JUnitReportReporter -->
<testsuite skipped="0" hostname="ew2vdiw8950" name="com.crm.qa.testCases.CoursesPageTest" tests="1" failures="0" timestamp="16 Sep 2019 12:14:21 GMT" time="1.847" errors="0">
  <testcase name="validateCoursesPageHeadingTest" time="1.847" classname="com.crm.qa.testCases.CoursesPageTest"/>
</testsuite> <!-- com.crm.qa.testCases.CoursesPageTest -->
