<?xml version="1.0" encoding="UTF-8"?>
<!-- Generated by org.testng.reporters.JUnitReportReporter -->
<testsuite skipped="0" hostname="AMITHENS-HP" name="com.crm.qa.testCases.CoursesPageTest" tests="1" failures="0" timestamp="15 Sep 2019 19:47:16 GMT" time="2.860" errors="0">
  <testcase name="validateCoursesPageHeadingTest" time="2.860" classname="com.crm.qa.testCases.CoursesPageTest"/>
</testsuite> <!-- com.crm.qa.testCases.CoursesPageTest -->
