<?xml version="1.0" encoding="UTF-8"?>
<!-- Generated by org.testng.reporters.JUnitReportReporter -->
<testsuite skipped="0" hostname="ew2vdiw8950" name="com.crm.qa.testCases.AdminDashboardPageTest" tests="2" failures="0" timestamp="16 Sep 2019 12:59:28 GMT" time="25.006" errors="0">
  <testcase name="validateAdminPageHeadingTest" time="11.797" classname="com.crm.qa.testCases.AdminDashboardPageTest"/>
  <testcase name="verifyElementPresense" time="13.209" classname="com.crm.qa.testCases.AdminDashboardPageTest"/>
</testsuite> <!-- com.crm.qa.testCases.AdminDashboardPageTest -->
