<?xml version="1.0" encoding="UTF-8"?>
<!-- Generated by org.testng.reporters.JUnitReportReporter -->
<testsuite skipped="0" hostname="ew2vdiw8950" name="com.crm.qa.testCases.LoginPageTest" tests="4" failures="0" timestamp="16 Sep 2019 12:14:21 GMT" time="46.616" errors="0">
  <testcase name="titleTest" time="11.320" classname="com.crm.qa.testCases.LoginPageTest"/>
  <testcase name="validateLogoTest" time="10.870" classname="com.crm.qa.testCases.LoginPageTest"/>
  <testcase name="validateCopyrightTextTest" time="11.466" classname="com.crm.qa.testCases.LoginPageTest"/>
  <testcase name="userLoginTest" time="12.960" classname="com.crm.qa.testCases.LoginPageTest"/>
</testsuite> <!-- com.crm.qa.testCases.LoginPageTest -->
