<?xml version="1.0" encoding="UTF-8"?>
<!-- Generated by org.testng.reporters.JUnitReportReporter -->
<testsuite skipped="0" hostname="AMITHENS-HP" name="com.crm.qa.testCases.LoginPageTest" tests="4" failures="0" timestamp="07 Sep 2019 07:43:33 GMT" time="88.155" errors="0">
  <testcase name="titleTest" time="19.291" classname="com.crm.qa.testCases.LoginPageTest"/>
  <testcase name="validateLogoTest" time="22.192" classname="com.crm.qa.testCases.LoginPageTest"/>
  <testcase name="validateCopyrightTextTest" time="23.628" classname="com.crm.qa.testCases.LoginPageTest"/>
  <testcase name="userLoginTest" time="23.044" classname="com.crm.qa.testCases.LoginPageTest"/>
</testsuite> <!-- com.crm.qa.testCases.LoginPageTest -->
