<?xml version="1.0" encoding="UTF-8"?>
<!-- Generated by org.testng.reporters.JUnitReportReporter -->
<testsuite skipped="0" hostname="AMITHENS-HP" name="com.crm.qa.testCases.CoursesPageTest" tests="1" failures="0" timestamp="26 Aug 2019 18:25:47 GMT" time="6.920" errors="0">
  <testcase name="validateCoursesPageHeadingTest" time="6.920" classname="com.crm.qa.testCases.CoursesPageTest"/>
</testsuite> <!-- com.crm.qa.testCases.CoursesPageTest -->
