<?xml version="1.0" encoding="UTF-8"?>
<!-- Generated by org.testng.reporters.JUnitReportReporter -->
<testsuite skipped="0" hostname="AMITHENS-HP" name="com.crm.qa.testCases.AdminDashboardPageTest" tests="2" failures="0" timestamp="26 Aug 2019 18:25:47 GMT" time="68.821" errors="0">
  <testcase name="validateAdminPageHeadingTest" time="32.312" classname="com.crm.qa.testCases.AdminDashboardPageTest"/>
  <testcase name="verifyElementPresense" time="36.509" classname="com.crm.qa.testCases.AdminDashboardPageTest"/>
</testsuite> <!-- com.crm.qa.testCases.AdminDashboardPageTest -->
